***************************************
pdu: initializing histograms
***************************************
***************************************
pdu: taking hit spectra
***************************************

914198 events analyzed from file /cache/mss/clas/g11a/data/clas_043490.A00

***************************************
pdu: flagging bad wires
***************************************

FlagBadWires: pathology determination factors:
	Hot  - 10
	Dead - 10
WeightAve: the nominal occupancy for sector 0 superlayer 0 is 3925
WeightAve: the nominal occupancy for sector 0 superlayer 1 is 4002
WeightAve: the nominal occupancy for sector 0 superlayer 2 is 2037
WeightAve: the nominal occupancy for sector 0 superlayer 3 is 1340
WeightAve: the nominal occupancy for sector 0 superlayer 4 is 2612
WeightAve: the nominal occupancy for sector 0 superlayer 5 is 2503
WeightAve: the nominal occupancy for sector 1 superlayer 0 is 3410
WeightAve: the nominal occupancy for sector 1 superlayer 1 is 5389
WeightAve: the nominal occupancy for sector 1 superlayer 2 is 3073
WeightAve: the nominal occupancy for sector 1 superlayer 3 is 2265
WeightAve: the nominal occupancy for sector 1 superlayer 4 is 2044
WeightAve: the nominal occupancy for sector 1 superlayer 5 is 2259
WeightAve: the nominal occupancy for sector 2 superlayer 0 is 1635
WeightAve: the nominal occupancy for sector 2 superlayer 1 is 5880
WeightAve: the nominal occupancy for sector 2 superlayer 2 is 2411
WeightAve: the nominal occupancy for sector 2 superlayer 3 is 772
WeightAve: the nominal occupancy for sector 2 superlayer 4 is 846
WeightAve: the nominal occupancy for sector 2 superlayer 5 is 1455
WeightAve: the nominal occupancy for sector 3 superlayer 0 is 5193
WeightAve: the nominal occupancy for sector 3 superlayer 1 is 4741
WeightAve: the nominal occupancy for sector 3 superlayer 2 is 2401
WeightAve: the nominal occupancy for sector 3 superlayer 3 is 2536
WeightAve: the nominal occupancy for sector 3 superlayer 4 is 3060
WeightAve: the nominal occupancy for sector 3 superlayer 5 is 2886
WeightAve: the nominal occupancy for sector 4 superlayer 0 is 4452
WeightAve: the nominal occupancy for sector 4 superlayer 1 is 3876
WeightAve: the nominal occupancy for sector 4 superlayer 2 is 2842
WeightAve: the nominal occupancy for sector 4 superlayer 3 is 1471
WeightAve: the nominal occupancy for sector 4 superlayer 4 is 3228
WeightAve: the nominal occupancy for sector 4 superlayer 5 is 2597
WeightAve: the nominal occupancy for sector 5 superlayer 0 is 1067
WeightAve: the nominal occupancy for sector 5 superlayer 1 is 5374
WeightAve: the nominal occupancy for sector 5 superlayer 2 is 2552
WeightAve: the nominal occupancy for sector 5 superlayer 3 is 2191
WeightAve: the nominal occupancy for sector 5 superlayer 4 is 2724
WeightAve: the nominal occupancy for sector 5 superlayer 5 is 3383

pdu: detected pathologies for run 43490 :
	Sector	Region	dead	%	hot	%
	1	1	61	4.71	0	0.00
	1	2	146	7.05	1	0.05
	1	3	47	2.04	0	0.00
	2	1	34	2.62	0	0.00
	2	2	171	8.26	33	1.59
	2	3	147	6.38	3	0.13
	3	1	217	16.74	6	0.46
	3	2	213	10.29	51	2.46
	3	3	332	14.41	41	1.78
	4	1	19	1.47	1	0.08
	4	2	98	4.73	27	1.30
	4	3	70	3.04	0	0.00
	5	1	101	7.79	1	0.08
	5	2	275	13.29	42	2.03
	5	3	100	4.34	4	0.17
	6	1	92	7.10	75	5.79
	6	2	53	2.56	4	0.19
	6	3	63	2.73	7	0.30

ReportChange: changed pathologies:
	Sector	Region	dead	good	hot
	1	1	11	12	0
	2	1	46	6	0
	3	1	0	184	6
	4	1	0	5	1
	5	1	23	78	1
	6	1	2	86	75
	1	2	24	121	1
	2	2	17	130	33
	3	2	31	184	51
	4	2	105	62	27
	5	2	23	246	42
	6	2	9	42	4
	1	3	29	26	0
	2	3	80	120	3
	3	3	65	285	41
	4	3	7	52	0
	5	3	57	77	4
	6	3	56	48	7
